{
"contracts/Dca.sol":{"l":{"14":3,"18":2,"19":2,"20":1,"23":1,"24":1,"25":1,"33":3},"path":"/Users/vincentdaubry/Documents/Projects/MiniDca/smart_contracts/contracts/Dca.sol","s":{"1":2,"2":2,"3":1,"4":1,"5":1,"6":3},"b":{"1":[1,1],"2":[0,1]},"f":{"1":3,"2":3,"3":2,"4":3},"fnMap":{"1":{"name":"constructor","line":11,"loc":{"start":{"line":11,"column":4},"end":{"line":11,"column":19}}},"2":{"name":"fund","line":13,"loc":{"start":{"line":13,"column":4},"end":{"line":15,"column":4}}},"3":{"name":"withdraw","line":17,"loc":{"start":{"line":17,"column":4},"end":{"line":26,"column":4}}},"4":{"name":"getAmountInvestedForAddress","line":28,"loc":{"start":{"line":28,"column":4},"end":{"line":34,"column":4}}}},"statementMap":{"1":{"start":{"line":18,"column":8},"end":{"line":18,"column":72}},"2":{"start":{"line":19,"column":8},"end":{"line":19,"column":449}},"3":{"start":{"line":20,"column":12},"end":{"line":20,"column":18}},"4":{"start":{"line":24,"column":8},"end":{"line":24,"column":71}},"5":{"start":{"line":25,"column":8},"end":{"line":25,"column":49}},"6":{"start":{"line":33,"column":8},"end":{"line":33,"column":50}}},"branchMap":{"1":{"line":19,"type":"if","locations":[{"start":{"line":19,"column":8},"end":{"line":19,"column":8}},{"start":{"line":19,"column":8},"end":{"line":19,"column":8}}]},"2":{"line":25,"type":"if","locations":[{"start":{"line":25,"column":8},"end":{"line":25,"column":8}},{"start":{"line":25,"column":8},"end":{"line":25,"column":8}}]}}}}
